[GIN] 2024/11/25 - 00:32:53 | 401 |     119.977µs |             ::1 | GET      "/transaction"
[GIN] 2024/11/25 - 00:33:07 | 200 |     317.552µs |             ::1 | POST     "/auth/login"
[GIN] 2024/11/25 - 00:33:17 | 401 |     135.809µs |             ::1 | GET      "/transaction"
[GIN] 2024/11/25 - 00:33:18 | 401 |      174.24µs |             ::1 | GET      "/transaction"
[GIN] 2024/11/25 - 00:33:19 | 401 |     156.181µs |             ::1 | GET      "/transaction"
[GIN] 2024/11/25 - 00:33:20 | 401 |     133.146µs |             ::1 | GET      "/transaction"
[GIN] 2024/11/25 - 00:33:21 | 401 |     193.832µs |             ::1 | GET      "/transaction"
[GIN] 2024/11/25 - 00:33:42 | 200 |     264.499µs |             ::1 | POST     "/auth/login"
[GIN] 2024/11/25 - 00:33:51 | 200 |     193.158µs |             ::1 | GET      "/transaction"
[GIN] 2024/11/25 - 00:34:03 | 200 |     229.165µs |             ::1 | POST     "/auth/login"
[GIN] 2024/11/25 - 00:34:11 | 401 |     147.494µs |             ::1 | GET      "/transaction"
[GIN] 2024/11/25 - 00:35:41 | 401 |     145.874µs |             ::1 | GET      "/transaction"
[GIN] 2024/11/25 - 00:35:42 | 401 |     118.891µs |             ::1 | GET      "/transaction"
[GIN] 2024/11/25 - 00:37:42 | 400 |     231.158µs |             ::1 | GET      "/transaction"
[GIN] 2024/11/25 - 00:39:23 | 200 |     204.111µs |             ::1 | GET      "/transaction"
[GIN] 2024/11/25 - 09:55:30 | 400 |     166.313µs |             ::1 | GET      "/transaction"
[GIN] 2024/11/25 - 09:55:32 | 400 |      41.512µs |             ::1 | GET      "/transaction"
[GIN] 2024/11/25 - 09:55:33 | 400 |      60.427µs |             ::1 | GET      "/transaction"
[GIN] 2024/11/25 - 09:55:33 | 400 |      66.437µs |             ::1 | GET      "/transaction"
[GIN] 2024/11/25 - 09:57:34 | 200 |     347.412µs |             ::1 | POST     "/auth/login"
[GIN] 2024/11/25 - 09:57:42 | 200 |     183.304µs |             ::1 | GET      "/transaction"
[GIN] 2024/11/25 - 09:57:48 | 500 |     338.237µs |             ::1 | POST     "/transaction"
[GIN] 2024/11/25 - 09:58:26 | 500 |     437.235µs |             ::1 | POST     "/transaction"
[GIN] 2024/11/25 - 11:58:38 | 200 |     372.926µs |             ::1 | POST     "/auth/login"
[GIN] 2024/11/25 - 11:58:46 | 400 |      54.387µs |             ::1 | POST     "/auth/logout"
[GIN] 2024/11/25 - 11:58:48 | 400 |       71.12µs |             ::1 | POST     "/auth/logout"
[GIN] 2024/11/25 - 11:58:48 | 400 |      63.561µs |             ::1 | POST     "/auth/logout"
[GIN] 2024/11/25 - 11:59:11 | 200 |     382.348µs |             ::1 | POST     "/auth/login"
[GIN] 2024/11/25 - 11:59:18 | 200 |       257.5µs |             ::1 | POST     "/auth/logout"
[GIN] 2024/11/25 - 13:47:24 | 200 |     387.573µs |             ::1 | POST     "/auth/login"
[GIN] 2024/11/25 - 13:50:30 | 200 |     406.324µs |             ::1 | POST     "/auth/login"
[GIN] 2024/11/25 - 13:50:37 | 200 |     196.839µs |             ::1 | GET      "/transaction"
[GIN] 2024/11/25 - 13:50:44 | 200 |     262.147µs |             ::1 | POST     "/auth/login"
[GIN] 2024/11/25 - 13:50:51 | 200 |     214.724µs |             ::1 | GET      "/transaction"
[GIN] 2024/11/25 - 14:50:40 | 201 |   60.687384ms |             ::1 | POST     "/register"
[GIN] 2024/11/25 - 14:50:44 | 200 |   60.160654ms |             ::1 | POST     "/auth/login"
[GIN] 2024/11/25 - 14:50:54 | 400 |      72.233µs |             ::1 | POST     "/auth/logout"
[GIN] 2024/11/25 - 14:53:15 | 200 |   61.872613ms |             ::1 | POST     "/auth/login"
[GIN] 2024/11/25 - 14:53:23 | 200 |     301.003µs |             ::1 | POST     "/auth/logout"
[GIN] 2024/11/25 - 14:54:01 | 200 |     261.412µs |             ::1 | POST     "/auth/logout"
[GIN] 2024/11/25 - 14:54:07 | 200 |   60.966926ms |             ::1 | POST     "/auth/login"
[GIN] 2024/11/25 - 14:54:08 | 200 |   60.683243ms |             ::1 | POST     "/auth/login"
[GIN] 2024/11/25 - 14:54:09 | 200 |   60.844258ms |             ::1 | POST     "/auth/login"
